import React, { useEffect, useState } from 'react';
import axios from 'axios';

const HotelList = () => {
  const [hotels, setHotels] = useState([]);
  const [error, setError] = useState(null);

  useEffect(() => {
    console.log('Ejecutando petición a la API...');
    axios.get('http://localhost:8000/api/hotels')
      .then((response) => {
        console.log('Respuesta de la API:', response.data);
        setHotels(response.data);
      })
      .catch((err) => {
        console.error('Error en la petición:', err);
        setError('Error al obtener los hoteles');
      });
  }, []);

  return (
    <div>
      <h2>Listado de Hoteles</h2>
      {error && <p style={{ color: 'red' }}>{error}</p>}
      <ul>
        {hotels.map((hotel) => (
          <li key={hotel.id}>
            <strong>{hotel.name}</strong> - {hotel.city} - {hotel.address}
          </li>
        ))}
      </ul>
    </div>
  );
};

export default HotelList;
